app/build/intermediates/manifest_merge_blame_file/debug/manifest-merger-blame-debug-report.txt
1<?xml version="1.0" encoding="utf-8"?>
2<manifest xmlns:android="http://schemas.android.com/apk/res/android"
3    package="es.jcyl.ita.frmdrd"
4    android:versionCode="1"
5    android:versionName="0.1.0" >
6
7    <uses-sdk
8        android:minSdkVersion="21"
8-->src\main\AndroidManifest.xml
9        android:targetSdkVersion="28" />
9-->src\main\AndroidManifest.xml
10
11    <uses-permission android:name="android.permission.READ_EXTERNAL_STORAGE" />
11-->src\main\AndroidManifest.xml:6:5-79
11-->src\main\AndroidManifest.xml:6:22-77
12    <uses-permission android:name="android.permission.WRITE_EXTERNAL_STORAGE" />
12-->src\main\AndroidManifest.xml:7:5-80
12-->src\main\AndroidManifest.xml:7:22-78
13    <uses-permission android:name="android.permission.INTERNET" />
13-->src\main\AndroidManifest.xml:8:5-66
13-->src\main\AndroidManifest.xml:8:22-64
14    <uses-permission android:name="android.permission.ACCESS_NETWORK_STATE" />
14-->src\main\AndroidManifest.xml:9:5-78
14-->src\main\AndroidManifest.xml:9:22-76
15    <uses-permission android:name="android.permission.GET_ACCOUNTS" />
15-->src\main\AndroidManifest.xml:10:5-70
15-->src\main\AndroidManifest.xml:10:22-68
16    <uses-permission android:name="com.google.android.providers.gsf.permission.READ_GSERVICES" />
16-->src\main\AndroidManifest.xml:11:5-97
16-->src\main\AndroidManifest.xml:11:22-95
17    <uses-permission android:name="android.permission.VIBRATE" />
17-->src\main\AndroidManifest.xml:12:5-65
17-->src\main\AndroidManifest.xml:12:22-63
18
19    <uses-feature android:name="android.hardware.sensor.compass" />
19-->src\main\AndroidManifest.xml:14:5-67
19-->src\main\AndroidManifest.xml:14:19-65
20    <uses-feature
20-->src\main\AndroidManifest.xml:15:5-17:34
21        android:glEsVersion="0x00020000"
21-->src\main\AndroidManifest.xml:16:9-41
22        android:required="true" />
22-->src\main\AndroidManifest.xml:17:9-32
23
24    <uses-permission android:name="android.permission.READ_PHONE_STATE" />
24-->src\main\AndroidManifest.xml:19:5-74
24-->src\main\AndroidManifest.xml:19:22-72
25
26    <application
26-->src\main\AndroidManifest.xml:21:5-48:19
27        android:allowBackup="true"
27-->src\main\AndroidManifest.xml:22:9-35
28        android:appComponentFactory="androidx.core.app.CoreComponentFactory"
28-->[androidx.core:core:1.1.0] AndroidManifest.xml:24:18-86
29        android:debuggable="true"
30        android:icon="@drawable/ic_launcher"
30-->src\main\AndroidManifest.xml:23:9-45
31        android:label="@string/app_name"
31-->src\main\AndroidManifest.xml:24:9-41
32        android:testOnly="true"
33        android:theme="@style/AppTheme" >
33-->src\main\AndroidManifest.xml:25:9-40
34        <activity
34-->src\main\AndroidManifest.xml:29:9-39:20
35            android:name="es.jcyl.ita.frmdrd.MainActivity"
35-->src\main\AndroidManifest.xml:30:13-41
36            android:configChanges="orientation|keyboardHidden|screenSize"
36-->src\main\AndroidManifest.xml:31:13-74
37            android:label="@string/app_name"
37-->src\main\AndroidManifest.xml:32:13-45
38            android:theme="@style/AppTheme" >
38-->src\main\AndroidManifest.xml:33:13-44
39            <intent-filter>
39-->src\main\AndroidManifest.xml:34:13-38:29
40                <action android:name="android.intent.action.MAIN" />
40-->src\main\AndroidManifest.xml:35:17-68
40-->src\main\AndroidManifest.xml:35:25-66
41
42                <category android:name="android.intent.category.LAUNCHER" />
42-->src\main\AndroidManifest.xml:36:17-76
42-->src\main\AndroidManifest.xml:36:27-74
43                <category android:name="android.intent.category.DEFAULT" />
43-->src\main\AndroidManifest.xml:37:17-75
43-->src\main\AndroidManifest.xml:37:27-73
44            </intent-filter>
45        </activity>
46        <activity
46-->src\main\AndroidManifest.xml:41:9-45:20
47            android:name="es.jcyl.ita.frmdrd.UserFormAlphaEditActivity"
47-->src\main\AndroidManifest.xml:42:13-54
48            android:label="@string/app_name"
48-->src\main\AndroidManifest.xml:43:13-45
49            android:theme="@android:style/Theme.Holo" >
49-->src\main\AndroidManifest.xml:44:13-54
50        </activity>
51    </application>
52
53</manifest>